#-----------------------------------------------------------
# Vivado v2021.1 (64-bit)
# SW Build 3247384 on Thu Jun 10 19:36:33 MDT 2021
# IP Build 3246043 on Fri Jun 11 00:30:35 MDT 2021
# Start of session at: Thu Jun  1 19:23:52 2023
# Process ID: 5300
# Current directory: D:/An I sem II/PSN/paint_nou
# Command line: vivado.exe -gui_launcher_event rodinguilauncherevent4788 D:\An I sem II\PSN\paint_nou\paint_nou.xpr
# Log file: D:/An I sem II/PSN/paint_nou/vivado.log
# Journal file: D:/An I sem II/PSN/paint_nou\vivado.jou
#-----------------------------------------------------------
start_gui
open_project {D:/An I sem II/PSN/paint_nou/paint_nou.xpr}
WARNING: [filemgmt 56-3] Default IP Output Path : Could not find the directory 'D:/An I sem II/PSN/paint_nou/paint_nou.gen/sources_1'.
Scanning sources...
Finished scanning sources
INFO: [IP_Flow 19-234] Refreshing IP repositories
INFO: [IP_Flow 19-1704] No user IP repositories specified
INFO: [IP_Flow 19-2313] Loaded Vivado IP repository 'C:/Xilinx/Vivado/2021.1/data/ip'.
open_project: Time (s): cpu = 00:00:20 ; elapsed = 00:00:09 . Memory (MB): peak = 1135.145 ; gain = 0.000
update_compile_order -fileset sources_1
reset_run synth_1
launch_runs impl_1 -to_step write_bitstream -jobs 4
[Thu Jun  1 19:24:46 2023] Launched synth_1...
Run output will be captured here: D:/An I sem II/PSN/paint_nou/paint_nou.runs/synth_1/runme.log
[Thu Jun  1 19:24:46 2023] Launched impl_1...
Run output will be captured here: D:/An I sem II/PSN/paint_nou/paint_nou.runs/impl_1/runme.log
reset_run impl_1
exit
INFO: [Common 17-206] Exiting Vivado at Thu Jun  1 19:27:36 2023...
