#-----------------------------------------------------------
# Vivado v2021.1 (64-bit)
# SW Build 3247384 on Thu Jun 10 19:36:33 MDT 2021
# IP Build 3246043 on Fri Jun 11 00:30:35 MDT 2021
# Start of session at: Thu Jun  1 10:27:59 2023
# Process ID: 5612
# Current directory: D:/An I sem II/PSN/paint_nou
# Command line: vivado.exe -gui_launcher_event rodinguilauncherevent10620 D:\An I sem II\PSN\paint_nou\paint_nou.xpr
# Log file: D:/An I sem II/PSN/paint_nou/vivado.log
# Journal file: D:/An I sem II/PSN/paint_nou\vivado.jou
#-----------------------------------------------------------
start_gui
open_project {D:/An I sem II/PSN/paint_nou/paint_nou.xpr}
WARNING: [filemgmt 56-3] Default IP Output Path : Could not find the directory 'D:/An I sem II/PSN/paint_nou/paint_nou.gen/sources_1'.
Scanning sources...
Finished scanning sources
INFO: [IP_Flow 19-234] Refreshing IP repositories
INFO: [IP_Flow 19-1704] No user IP repositories specified
INFO: [IP_Flow 19-2313] Loaded Vivado IP repository 'C:/Xilinx/Vivado/2021.1/data/ip'.
open_project: Time (s): cpu = 00:00:26 ; elapsed = 00:00:12 . Memory (MB): peak = 1124.098 ; gain = 0.000
update_compile_order -fileset sources_1
exit
INFO: [Common 17-206] Exiting Vivado at Thu Jun  1 11:29:30 2023...
